<?xml version="1.0" encoding="UTF-8"?>
<!-- Generated by org.testng.reporters.JUnitReportReporter -->
<testsuite skipped="0" hostname="Naveens-MacBook-Pro.local" name="implementinglinkedlist.TestLinkedList" tests="1" failures="0" timestamp="30 Sep 2017 01:30:57 GMT" time="0.011" errors="0">
  <testcase name="test" time="0.011" classname="implementinglinkedlist.TestLinkedList"/>
</testsuite> <!-- implementinglinkedlist.TestLinkedList -->
